[2024-01-03 00:01:45,171][root][INFO] - FL_Task - {"dataset": "MNIST", "start_execution_time": "2024-01-03 00:01:45"}
[2024-01-03 00:01:45,256][__main__][INFO] - data loaded
[2024-01-03 00:01:45,283][root][INFO] - init model_type: Pytorch
[2024-01-03 00:01:45,299][uvicorn.error][INFO] - Started server process [228362]
[2024-01-03 00:01:45,299][uvicorn.error][INFO] - Waiting for application startup.
[2024-01-03 00:01:45,299][uvicorn.error][INFO] - Application startup complete.
[2024-01-03 00:01:45,300][uvicorn.error][INFO] - Uvicorn running on http://0.0.0.0:8003 (Press CTRL+C to quit)
[2024-01-03 00:04:28,523][root][INFO] - bulid model
[2024-01-03 00:04:28,523][root][INFO] - FL start
[2024-01-03 00:04:28,536][fedops.client.client_api][INFO] - FL_server_IP:port - ccl.gachon.ac.kr:40021
[2024-01-03 00:04:28,538][root][INFO] - FL learning ready
[2024-01-03 00:04:28,538][root][INFO] - fl_task_id: flwrmonthly
[2024-01-03 00:04:28,538][root][INFO] - dataset: MNIST
[2024-01-03 00:04:28,538][root][INFO] - output_size: 10
[2024-01-03 00:04:28,538][root][INFO] - validation_split: 0.2
[2024-01-03 00:04:28,538][root][INFO] - model_type: Pytorch
[2024-01-03 00:04:28,577][flwr][INFO] - Opened insecure gRPC connection (no certificates were passed)
[2024-01-03 00:04:28,579][flwr][DEBUG] - ChannelConnectivity.IDLE
[2024-01-03 00:04:28,580][flwr][DEBUG] - ChannelConnectivity.CONNECTING
[2024-01-03 00:04:28,587][flwr][DEBUG] - ChannelConnectivity.READY
[2024-01-03 00:04:45,657][fedops.client.client_fl][INFO] - train_performance - {"fl_task_id": "flwrmonthly", "client_mac": "19:e7:c0:91:ab:e3", "client_name": "ccl-e-server", "round": 1, "gl_model_v": 1, "train_loss": 0.05419039661857359, "train_accuracy": 0.9835, "train_f1_score": 0.983526255016479, "val_loss": 0.059349176037977354, "val_accuracy": 0.9815833333333334, "val_f1_score": 0.9815947347582444, "train_time": 16.787548542022705, "wandb_name": ""}
[2024-01-03 00:04:54,093][fedops.client.client_fl][INFO] - test - {"fl_task_id": "flwrmonthly", "client_mac": "19:e7:c0:91:ab:e3", "client_name": "ccl-e-server", "round": 1, "test_loss": 0.06125873560085893, "test_accuracy": 0.9819166666666667, "gl_model_v": 1, "wandb_name": ""}
[2024-01-03 00:05:07,633][fedops.client.client_fl][INFO] - train_performance - {"fl_task_id": "flwrmonthly", "client_mac": "19:e7:c0:91:ab:e3", "client_name": "ccl-e-server", "round": 2, "gl_model_v": 1, "train_loss": 0.03071934962645173, "train_accuracy": 0.9902222222222222, "train_f1_score": 0.9902184695600779, "val_loss": 0.04327983900092225, "val_accuracy": 0.9863333333333333, "val_f1_score": 0.9863222858969819, "train_time": 13.32405972480774, "wandb_name": ""}
[2024-01-03 00:05:15,212][fedops.client.client_fl][INFO] - test - {"fl_task_id": "flwrmonthly", "client_mac": "19:e7:c0:91:ab:e3", "client_name": "ccl-e-server", "round": 2, "test_loss": 0.047371962662548464, "test_accuracy": 0.98475, "gl_model_v": 1, "wandb_name": ""}
[2024-01-03 00:05:15,254][flwr][DEBUG] - gRPC channel closed
[2024-01-03 00:05:15,255][flwr][INFO] - Disconnect and shut down
[2024-01-03 00:05:15,255][root][INFO] - fl learning finished
[2024-01-03 00:05:15,256][root][INFO] - client_operation_time - {"fl_task_id": "flwrmonthly", "client_mac": "19:e7:c0:91:ab:e3", "client_name": "ccl-e-server", "operation_time": 46.71759653091431, "gl_model_v": 1}
[2024-01-03 00:05:15,338][root][INFO] - try notify_fin
[2024-01-03 00:05:15,371][root][INFO] - trainFin
[2024-01-03 00:05:15,372][root][INFO] - FL Client Learning Finish
