[2024-10-08 15:34:49,078][root][INFO] - FL_Task - {"dataset": "MNIST", "start_execution_time": "2024-10-08 15:34:49"}
[2024-10-08 15:34:49,997][__main__][INFO] - data loaded
[2024-10-08 15:34:50,023][__main__][INFO] - Latest Local Model download
[2024-10-08 15:34:50,023][root][INFO] - downloaded local_model_name: MNISTClassifier_local_model_V2.pth
[2024-10-08 15:34:50,024][root][INFO] - init model_type: Tensorflow
[2024-10-08 15:42:42,948][root][INFO] - bulid model
[2024-10-08 15:42:42,949][root][INFO] - FL start
[2024-10-08 15:42:42,959][fedops.client.client_api][INFO] - FL_server_IP:port - ccl.gachon.ac.kr:40024
[2024-10-08 15:42:42,960][root][INFO] - FL learning ready
[2024-10-08 15:42:42,960][root][INFO] - fl_task_id: samd
[2024-10-08 15:42:42,960][root][INFO] - dataset: mnist
[2024-10-08 15:42:42,960][root][INFO] - output_size: 10
[2024-10-08 15:42:42,960][root][INFO] - validation_split: 0.2
[2024-10-08 15:42:42,960][root][INFO] - model_type: Tensorflow
[2024-10-08 15:42:42,961][flwr][WARNING] - 
        DEPRECATED FEATURE: flwr.client.start_numpy_client() is deprecated. 
	Instead, use `flwr.client.start_client()` by ensuring you first call the `.to_client()` method as shown below: 
	flwr.client.start_client(
		server_address='<IP>:<PORT>',
		client=FlowerClient().to_client(), # <-- where FlowerClient is of type flwr.client.NumPyClient object
	)
	Using `start_numpy_client()` is deprecated.

        This is a deprecated feature. It will be removed
        entirely in future versions of Flower.
        
[2024-10-08 15:42:43,010][flwr][INFO] - Opened insecure gRPC connection (no certificates were passed)
[2024-10-08 15:42:43,013][flwr][DEBUG] - ChannelConnectivity.IDLE
[2024-10-08 15:42:43,014][flwr][DEBUG] - ChannelConnectivity.CONNECTING
[2024-10-08 15:42:43,045][flwr][DEBUG] - ChannelConnectivity.TRANSIENT_FAILURE
[2024-10-08 15:42:43,248][flwr][DEBUG] - gRPC channel closed
[2024-10-08 15:42:43,258][root][INFO] - notify_fail start
[2024-10-08 15:42:43,282][root][ERROR] - trainFin
