[2024-01-03 20:30:23,798][root][INFO] - FL_Task - {"dataset": "MNIST", "start_execution_time": "2024-01-03 20:30:23"}
[2024-01-03 20:30:23,890][__main__][INFO] - data loaded
[2024-01-03 20:30:23,921][root][INFO] - init model_type: Pytorch
[2024-01-03 20:30:23,936][uvicorn.error][INFO] - Started server process [780149]
[2024-01-03 20:30:23,937][uvicorn.error][INFO] - Waiting for application startup.
[2024-01-03 20:30:23,937][uvicorn.error][INFO] - Application startup complete.
[2024-01-03 20:30:23,937][uvicorn.error][INFO] - Uvicorn running on http://0.0.0.0:8003 (Press CTRL+C to quit)
[2024-01-03 20:31:50,733][root][INFO] - bulid model
[2024-01-03 20:31:50,734][root][INFO] - FL start
[2024-01-03 20:31:50,746][fedops.client.client_api][INFO] - FL_server_IP:port - ccl.gachon.ac.kr:40023
[2024-01-03 20:31:50,747][root][INFO] - FL learning ready
[2024-01-03 20:31:50,747][root][INFO] - fl_task_id: zzzzzz
[2024-01-03 20:31:50,747][root][INFO] - dataset: MNIST
[2024-01-03 20:31:50,747][root][INFO] - output_size: 10
[2024-01-03 20:31:50,747][root][INFO] - validation_split: 0.2
[2024-01-03 20:31:50,748][root][INFO] - model_type: Pytorch
[2024-01-03 20:31:50,785][flwr][INFO] - Opened insecure gRPC connection (no certificates were passed)
[2024-01-03 20:31:50,788][flwr][DEBUG] - ChannelConnectivity.IDLE
[2024-01-03 20:31:50,789][flwr][DEBUG] - ChannelConnectivity.CONNECTING
[2024-01-03 20:31:50,794][flwr][DEBUG] - ChannelConnectivity.READY
[2024-01-03 20:32:07,974][fedops.client.client_fl][INFO] - train_performance - {"fl_task_id": "zzzzzz", "client_mac": "19:e7:c0:91:ab:e3", "client_name": "ccl-e-server", "round": 1, "gl_model_v": 1, "train_loss": 0.05630247012533723, "train_accuracy": 0.9830833333333333, "train_f1_score": 0.9830913707845093, "val_loss": 0.06217180220212074, "val_accuracy": 0.9800833333333333, "val_f1_score": 0.9800933598281486, "train_time": 16.916592597961426, "wandb_name": ""}
[2024-01-03 20:32:16,336][fedops.client.client_fl][INFO] - test - {"fl_task_id": "zzzzzz", "client_mac": "19:e7:c0:91:ab:e3", "client_name": "ccl-e-server", "round": 1, "test_loss": 0.06544554035397286, "test_accuracy": 0.9806666666666667, "gl_model_v": 1, "wandb_name": ""}
[2024-01-03 20:32:32,785][fedops.client.client_fl][INFO] - train_performance - {"fl_task_id": "zzzzzz", "client_mac": "19:e7:c0:91:ab:e3", "client_name": "ccl-e-server", "round": 2, "gl_model_v": 1, "train_loss": 0.027030263344611945, "train_accuracy": 0.9916111111111111, "train_f1_score": 0.9916105847572633, "val_loss": 0.042363485574048565, "val_accuracy": 0.98725, "val_f1_score": 0.9872408673364853, "train_time": 16.230295181274414, "wandb_name": ""}
[2024-01-03 20:32:40,524][fedops.client.client_fl][INFO] - test - {"fl_task_id": "zzzzzz", "client_mac": "19:e7:c0:91:ab:e3", "client_name": "ccl-e-server", "round": 2, "test_loss": 0.051097242785815865, "test_accuracy": 0.9843333333333333, "gl_model_v": 1, "wandb_name": ""}
[2024-01-03 20:32:40,567][flwr][DEBUG] - gRPC channel closed
[2024-01-03 20:32:40,567][flwr][INFO] - Disconnect and shut down
[2024-01-03 20:32:40,569][root][INFO] - fl learning finished
[2024-01-03 20:32:40,650][root][INFO] - client_operation_time - {"fl_task_id": "zzzzzz", "client_mac": "19:e7:c0:91:ab:e3", "client_name": "ccl-e-server", "operation_time": 49.901429176330566, "gl_model_v": 1}
[2024-01-03 20:32:40,673][root][INFO] - try notify_fin
[2024-01-03 20:32:40,701][root][INFO] - trainFin
[2024-01-03 20:32:40,701][root][INFO] - FL Client Learning Finish
[2024-01-03 20:33:12,600][uvicorn.error][INFO] - Shutting down
[2024-01-03 20:33:12,701][uvicorn.error][INFO] - Waiting for application shutdown.
[2024-01-03 20:33:12,702][uvicorn.error][INFO] - Application shutdown complete.
[2024-01-03 20:33:12,702][uvicorn.error][INFO] - Finished server process [780149]
